Expression	Value	Location	Type	
AD_Value	<array>	0x20000408	double[100]	
ch1	<array>	0x20000014	uint16_t[500]	
[0]	2240	0x20000014	uint16_t	
[1]	1113	0x20000016	uint16_t	
[2]	2218	0x20000018	uint16_t	
[3]	1112	0x2000001A	uint16_t	
[4]	1132	0x2000001C	uint16_t	
[5]	2219	0x2000001E	uint16_t	
[6]	2197	0x20000020	uint16_t	
[7]	1132	0x20000022	uint16_t	
[8]	1110	0x20000024	uint16_t	
[9]	1112	0x20000026	uint16_t	
[10]	2218	0x20000028	uint16_t	
[11]	1113	0x2000002A	uint16_t	
[12]	1132	0x2000002C	uint16_t	
[13]	1110	0x2000002E	uint16_t	
[14]	2196	0x20000030	uint16_t	
[15]	1133	0x20000032	uint16_t	
[16]	1113	0x20000034	uint16_t	
[17]	1110	0x20000036	uint16_t	
[18]	1132	0x20000038	uint16_t	
[19]	1110	0x2000003A	uint16_t	
[20]	1114	0x2000003C	uint16_t	
[21]	1109	0x2000003E	uint16_t	
[22]	1110	0x20000040	uint16_t	
[23]	1132	0x20000042	uint16_t	
[24]	1112	0x20000044	uint16_t	
[25]	1112	0x20000046	uint16_t	
[26]	1132	0x20000048	uint16_t	
[27]	1110	0x2000004A	uint16_t	
[28]	1113	0x2000004C	uint16_t	
[29]	1110	0x2000004E	uint16_t	
[30]	1110	0x20000050	uint16_t	
[31]	1131	0x20000052	uint16_t	
[32]	1111	0x20000054	uint16_t	
[33]	2219	0x20000056	uint16_t	
[34]	1115	0x20000058	uint16_t	
[35]	1109	0x2000005A	uint16_t	
[36]	1132	0x2000005C	uint16_t	
[37]	1110	0x2000005E	uint16_t	
[38]	1109	0x20000060	uint16_t	
[39]	1114	0x20000062	uint16_t	
[40]	1132	0x20000064	uint16_t	
[41]	2219	0x20000066	uint16_t	
[42]	2219	0x20000068	uint16_t	
[43]	1110	0x2000006A	uint16_t	
[44]	1111	0x2000006C	uint16_t	
[45]	1112	0x2000006E	uint16_t	
[46]	1110	0x20000070	uint16_t	
[47]	1131	0x20000072	uint16_t	
[48]	1110	0x20000074	uint16_t	
[49]	1114	0x20000076	uint16_t	
[50]	1131	0x20000078	uint16_t	
[51]	1109	0x2000007A	uint16_t	
[52]	1110	0x2000007C	uint16_t	
[53]	1114	0x2000007E	uint16_t	
[54]	1110	0x20000080	uint16_t	
[55]	1131	0x20000082	uint16_t	
[56]	1110	0x20000084	uint16_t	
[57]	1114	0x20000086	uint16_t	
[58]	2218	0x20000088	uint16_t	
[59]	1111	0x2000008A	uint16_t	
[60]	1132	0x2000008C	uint16_t	
[61]	1109	0x2000008E	uint16_t	
[62]	1110	0x20000090	uint16_t	
[63]	1114	0x20000092	uint16_t	
[64]	1132	0x20000094	uint16_t	
[65]	1110	0x20000096	uint16_t	
[66]	1111	0x20000098	uint16_t	
[67]	1112	0x2000009A	uint16_t	
[68]	1132	0x2000009C	uint16_t	
[69]	1110	0x2000009E	uint16_t	
[70]	1109	0x200000A0	uint16_t	
[71]	1115	0x200000A2	uint16_t	
[72]	1131	0x200000A4	uint16_t	
[73]	1110	0x200000A6	uint16_t	
[74]	1110	0x200000A8	uint16_t	
[75]	1114	0x200000AA	uint16_t	
[76]	1131	0x200000AC	uint16_t	
[77]	1110	0x200000AE	uint16_t	
[78]	1110	0x200000B0	uint16_t	
[79]	1113	0x200000B2	uint16_t	
[80]	1110	0x200000B4	uint16_t	
[81]	1132	0x200000B6	uint16_t	
[82]	1110	0x200000B8	uint16_t	
[83]	1115	0x200000BA	uint16_t	
[84]	1131	0x200000BC	uint16_t	
[85]	1110	0x200000BE	uint16_t	
[86]	1109	0x200000C0	uint16_t	
[87]	1114	0x200000C2	uint16_t	
[88]	1109	0x200000C4	uint16_t	
[89]	1132	0x200000C6	uint16_t	
[90]	1110	0x200000C8	uint16_t	
[91]	1114	0x200000CA	uint16_t	
[92]	1132	0x200000CC	uint16_t	
[93]	1110	0x200000CE	uint16_t	
[94]	1110	0x200000D0	uint16_t	
[95]	1113	0x200000D2	uint16_t	
[96]	2218	0x200000D4	uint16_t	
[97]	1113	0x200000D6	uint16_t	
[98]	1131	0x200000D8	uint16_t	
[99]	1110	0x200000DA	uint16_t	
[100]	1112	0x200000DC	uint16_t	
[101]	2218	0x200000DE	uint16_t	
[102]	1109	0x200000E0	uint16_t	
[103]	2220	0x200000E2	uint16_t	
[104]	1109	0x200000E4	uint16_t	
[105]	1114	0x200000E6	uint16_t	
[106]	1110	0x200000E8	uint16_t	
[107]	1132	0x200000EA	uint16_t	
[108]	2219	0x200000EC	uint16_t	
[109]	2220	0x200000EE	uint16_t	
[110]	1111	0x200000F0	uint16_t	
[111]	2193	0x200000F2	uint16_t	
[112]	0	0x200000F4	uint16_t	
[113]	0	0x200000F6	uint16_t	
[114]	0	0x200000F8	uint16_t	
[115]	0	0x200000FA	uint16_t	
[116]	0	0x200000FC	uint16_t	
[117]	0	0x200000FE	uint16_t	
[118]	0	0x20000100	uint16_t	
[119]	0	0x20000102	uint16_t	
[120]	0	0x20000104	uint16_t	
[121]	0	0x20000106	uint16_t	
[122]	0	0x20000108	uint16_t	
[123]	0	0x2000010A	uint16_t	
[124]	0	0x2000010C	uint16_t	
[125]	0	0x2000010E	uint16_t	
[126]	0	0x20000110	uint16_t	
[127]	0	0x20000112	uint16_t	
[128]	0	0x20000114	uint16_t	
[129]	0	0x20000116	uint16_t	
[130]	0	0x20000118	uint16_t	
[131]	0	0x2000011A	uint16_t	
[132]	0	0x2000011C	uint16_t	
[133]	0	0x2000011E	uint16_t	
[134]	0	0x20000120	uint16_t	
[135]	0	0x20000122	uint16_t	
[136]	0	0x20000124	uint16_t	
[137]	0	0x20000126	uint16_t	
[138]	0	0x20000128	uint16_t	
[139]	0	0x2000012A	uint16_t	
[140]	0	0x2000012C	uint16_t	
[141]	0	0x2000012E	uint16_t	
[142]	0	0x20000130	uint16_t	
[143]	0	0x20000132	uint16_t	
[144]	0	0x20000134	uint16_t	
[145]	0	0x20000136	uint16_t	
[146]	0	0x20000138	uint16_t	
[147]	0	0x2000013A	uint16_t	
[148]	0	0x2000013C	uint16_t	
[149]	0	0x2000013E	uint16_t	
[150]	0	0x20000140	uint16_t	
[151]	0	0x20000142	uint16_t	
[152]	0	0x20000144	uint16_t	
[153]	0	0x20000146	uint16_t	
[154]	0	0x20000148	uint16_t	
[155]	0	0x2000014A	uint16_t	
[156]	0	0x2000014C	uint16_t	
[157]	0	0x2000014E	uint16_t	
[158]	0	0x20000150	uint16_t	
[159]	0	0x20000152	uint16_t	
[160]	0	0x20000154	uint16_t	
[161]	0	0x20000156	uint16_t	
[162]	0	0x20000158	uint16_t	
[163]	0	0x2000015A	uint16_t	
[164]	0	0x2000015C	uint16_t	
[165]	0	0x2000015E	uint16_t	
[166]	0	0x20000160	uint16_t	
[167]	0	0x20000162	uint16_t	
[168]	0	0x20000164	uint16_t	
[169]	0	0x20000166	uint16_t	
[170]	0	0x20000168	uint16_t	
[171]	0	0x2000016A	uint16_t	
[172]	0	0x2000016C	uint16_t	
[173]	0	0x2000016E	uint16_t	
[174]	0	0x20000170	uint16_t	
[175]	0	0x20000172	uint16_t	
[176]	0	0x20000174	uint16_t	
[177]	0	0x20000176	uint16_t	
[178]	0	0x20000178	uint16_t	
[179]	0	0x2000017A	uint16_t	
[180]	0	0x2000017C	uint16_t	
[181]	0	0x2000017E	uint16_t	
[182]	0	0x20000180	uint16_t	
[183]	0	0x20000182	uint16_t	
[184]	0	0x20000184	uint16_t	
[185]	0	0x20000186	uint16_t	
[186]	0	0x20000188	uint16_t	
[187]	0	0x2000018A	uint16_t	
[188]	0	0x2000018C	uint16_t	
[189]	0	0x2000018E	uint16_t	
[190]	0	0x20000190	uint16_t	
[191]	0	0x20000192	uint16_t	
[192]	0	0x20000194	uint16_t	
[193]	0	0x20000196	uint16_t	
[194]	0	0x20000198	uint16_t	
[195]	0	0x2000019A	uint16_t	
[196]	0	0x2000019C	uint16_t	
[197]	0	0x2000019E	uint16_t	
[198]	0	0x200001A0	uint16_t	
[199]	0	0x200001A2	uint16_t	
[200]	0	0x200001A4	uint16_t	
[201]	0	0x200001A6	uint16_t	
[202]	0	0x200001A8	uint16_t	
[203]	0	0x200001AA	uint16_t	
[204]	0	0x200001AC	uint16_t	
[205]	0	0x200001AE	uint16_t	
[206]	0	0x200001B0	uint16_t	
[207]	0	0x200001B2	uint16_t	
[208]	0	0x200001B4	uint16_t	
[209]	0	0x200001B6	uint16_t	
[210]	0	0x200001B8	uint16_t	
[211]	0	0x200001BA	uint16_t	
[212]	0	0x200001BC	uint16_t	
[213]	0	0x200001BE	uint16_t	
[214]	0	0x200001C0	uint16_t	
[215]	0	0x200001C2	uint16_t	
[216]	0	0x200001C4	uint16_t	
[217]	0	0x200001C6	uint16_t	
[218]	0	0x200001C8	uint16_t	
[219]	0	0x200001CA	uint16_t	
[220]	0	0x200001CC	uint16_t	
[221]	0	0x200001CE	uint16_t	
[222]	0	0x200001D0	uint16_t	
[223]	0	0x200001D2	uint16_t	
[224]	0	0x200001D4	uint16_t	
[225]	0	0x200001D6	uint16_t	
[226]	0	0x200001D8	uint16_t	
[227]	0	0x200001DA	uint16_t	
[228]	0	0x200001DC	uint16_t	
[229]	0	0x200001DE	uint16_t	
[230]	0	0x200001E0	uint16_t	
[231]	0	0x200001E2	uint16_t	
[232]	0	0x200001E4	uint16_t	
[233]	0	0x200001E6	uint16_t	
[234]	0	0x200001E8	uint16_t	
[235]	0	0x200001EA	uint16_t	
[236]	0	0x200001EC	uint16_t	
[237]	0	0x200001EE	uint16_t	
[238]	0	0x200001F0	uint16_t	
[239]	0	0x200001F2	uint16_t	
[240]	0	0x200001F4	uint16_t	
[241]	0	0x200001F6	uint16_t	
[242]	0	0x200001F8	uint16_t	
[243]	0	0x200001FA	uint16_t	
[244]	0	0x200001FC	uint16_t	
[245]	0	0x200001FE	uint16_t	
[246]	0	0x20000200	uint16_t	
[247]	0	0x20000202	uint16_t	
[248]	0	0x20000204	uint16_t	
[249]	0	0x20000206	uint16_t	
[250]	0	0x20000208	uint16_t	
[251]	0	0x2000020A	uint16_t	
[252]	0	0x2000020C	uint16_t	
[253]	0	0x2000020E	uint16_t	
[254]	0	0x20000210	uint16_t	
[255]	0	0x20000212	uint16_t	
[256]	0	0x20000214	uint16_t	
[257]	0	0x20000216	uint16_t	
[258]	0	0x20000218	uint16_t	
[259]	0	0x2000021A	uint16_t	
[260]	0	0x2000021C	uint16_t	
[261]	0	0x2000021E	uint16_t	
[262]	0	0x20000220	uint16_t	
[263]	0	0x20000222	uint16_t	
[264]	0	0x20000224	uint16_t	
[265]	0	0x20000226	uint16_t	
[266]	0	0x20000228	uint16_t	
[267]	0	0x2000022A	uint16_t	
[268]	0	0x2000022C	uint16_t	
[269]	0	0x2000022E	uint16_t	
[270]	0	0x20000230	uint16_t	
[271]	0	0x20000232	uint16_t	
[272]	0	0x20000234	uint16_t	
[273]	0	0x20000236	uint16_t	
[274]	0	0x20000238	uint16_t	
[275]	0	0x2000023A	uint16_t	
[276]	0	0x2000023C	uint16_t	
[277]	0	0x2000023E	uint16_t	
[278]	0	0x20000240	uint16_t	
[279]	0	0x20000242	uint16_t	
[280]	0	0x20000244	uint16_t	
[281]	0	0x20000246	uint16_t	
[282]	0	0x20000248	uint16_t	
[283]	0	0x2000024A	uint16_t	
[284]	0	0x2000024C	uint16_t	
[285]	0	0x2000024E	uint16_t	
[286]	0	0x20000250	uint16_t	
[287]	0	0x20000252	uint16_t	
[288]	0	0x20000254	uint16_t	
[289]	0	0x20000256	uint16_t	
[290]	0	0x20000258	uint16_t	
[291]	0	0x2000025A	uint16_t	
[292]	0	0x2000025C	uint16_t	
[293]	0	0x2000025E	uint16_t	
[294]	0	0x20000260	uint16_t	
[295]	0	0x20000262	uint16_t	
[296]	0	0x20000264	uint16_t	
[297]	0	0x20000266	uint16_t	
[298]	0	0x20000268	uint16_t	
[299]	0	0x2000026A	uint16_t	
[300]	0	0x2000026C	uint16_t	
[301]	0	0x2000026E	uint16_t	
[302]	0	0x20000270	uint16_t	
[303]	0	0x20000272	uint16_t	
[304]	0	0x20000274	uint16_t	
[305]	0	0x20000276	uint16_t	
[306]	0	0x20000278	uint16_t	
[307]	0	0x2000027A	uint16_t	
[308]	0	0x2000027C	uint16_t	
[309]	0	0x2000027E	uint16_t	
[310]	0	0x20000280	uint16_t	
[311]	0	0x20000282	uint16_t	
[312]	0	0x20000284	uint16_t	
[313]	0	0x20000286	uint16_t	
[314]	0	0x20000288	uint16_t	
[315]	0	0x2000028A	uint16_t	
[316]	0	0x2000028C	uint16_t	
[317]	0	0x2000028E	uint16_t	
[318]	0	0x20000290	uint16_t	
[319]	0	0x20000292	uint16_t	
[320]	0	0x20000294	uint16_t	
[321]	0	0x20000296	uint16_t	
[322]	0	0x20000298	uint16_t	
[323]	0	0x2000029A	uint16_t	
[324]	0	0x2000029C	uint16_t	
[325]	0	0x2000029E	uint16_t	
[326]	0	0x200002A0	uint16_t	
[327]	0	0x200002A2	uint16_t	
[328]	0	0x200002A4	uint16_t	
[329]	0	0x200002A6	uint16_t	
[330]	0	0x200002A8	uint16_t	
[331]	0	0x200002AA	uint16_t	
[332]	0	0x200002AC	uint16_t	
[333]	0	0x200002AE	uint16_t	
[334]	0	0x200002B0	uint16_t	
[335]	0	0x200002B2	uint16_t	
[336]	0	0x200002B4	uint16_t	
[337]	0	0x200002B6	uint16_t	
[338]	0	0x200002B8	uint16_t	
[339]	0	0x200002BA	uint16_t	
[340]	0	0x200002BC	uint16_t	
[341]	0	0x200002BE	uint16_t	
[342]	0	0x200002C0	uint16_t	
[343]	0	0x200002C2	uint16_t	
[344]	0	0x200002C4	uint16_t	
[345]	0	0x200002C6	uint16_t	
[346]	0	0x200002C8	uint16_t	
[347]	0	0x200002CA	uint16_t	
[348]	0	0x200002CC	uint16_t	
[349]	0	0x200002CE	uint16_t	
[350]	0	0x200002D0	uint16_t	
[351]	0	0x200002D2	uint16_t	
[352]	0	0x200002D4	uint16_t	
[353]	0	0x200002D6	uint16_t	
[354]	0	0x200002D8	uint16_t	
[355]	0	0x200002DA	uint16_t	
[356]	0	0x200002DC	uint16_t	
[357]	0	0x200002DE	uint16_t	
[358]	0	0x200002E0	uint16_t	
[359]	0	0x200002E2	uint16_t	
[360]	0	0x200002E4	uint16_t	
[361]	0	0x200002E6	uint16_t	
[362]	0	0x200002E8	uint16_t	
[363]	0	0x200002EA	uint16_t	
[364]	0	0x200002EC	uint16_t	
[365]	0	0x200002EE	uint16_t	
[366]	0	0x200002F0	uint16_t	
[367]	0	0x200002F2	uint16_t	
[368]	0	0x200002F4	uint16_t	
[369]	0	0x200002F6	uint16_t	
[370]	0	0x200002F8	uint16_t	
[371]	0	0x200002FA	uint16_t	
[372]	0	0x200002FC	uint16_t	
[373]	0	0x200002FE	uint16_t	
[374]	0	0x20000300	uint16_t	
[375]	0	0x20000302	uint16_t	
[376]	0	0x20000304	uint16_t	
[377]	0	0x20000306	uint16_t	
[378]	0	0x20000308	uint16_t	
[379]	0	0x2000030A	uint16_t	
[380]	0	0x2000030C	uint16_t	
[381]	0	0x2000030E	uint16_t	
[382]	0	0x20000310	uint16_t	
[383]	0	0x20000312	uint16_t	
[384]	0	0x20000314	uint16_t	
[385]	0	0x20000316	uint16_t	
[386]	0	0x20000318	uint16_t	
[387]	0	0x2000031A	uint16_t	
[388]	0	0x2000031C	uint16_t	
[389]	0	0x2000031E	uint16_t	
[390]	0	0x20000320	uint16_t	
[391]	0	0x20000322	uint16_t	
[392]	0	0x20000324	uint16_t	
[393]	0	0x20000326	uint16_t	
[394]	0	0x20000328	uint16_t	
[395]	0	0x2000032A	uint16_t	
[396]	0	0x2000032C	uint16_t	
[397]	0	0x2000032E	uint16_t	
[398]	0	0x20000330	uint16_t	
[399]	0	0x20000332	uint16_t	
[400]	0	0x20000334	uint16_t	
[401]	0	0x20000336	uint16_t	
[402]	0	0x20000338	uint16_t	
[403]	0	0x2000033A	uint16_t	
[404]	0	0x2000033C	uint16_t	
[405]	0	0x2000033E	uint16_t	
[406]	0	0x20000340	uint16_t	
[407]	0	0x20000342	uint16_t	
[408]	0	0x20000344	uint16_t	
[409]	0	0x20000346	uint16_t	
[410]	0	0x20000348	uint16_t	
[411]	0	0x2000034A	uint16_t	
[412]	0	0x2000034C	uint16_t	
[413]	0	0x2000034E	uint16_t	
[414]	0	0x20000350	uint16_t	
[415]	0	0x20000352	uint16_t	
[416]	0	0x20000354	uint16_t	
[417]	0	0x20000356	uint16_t	
[418]	0	0x20000358	uint16_t	
[419]	0	0x2000035A	uint16_t	
[420]	0	0x2000035C	uint16_t	
[421]	0	0x2000035E	uint16_t	
[422]	0	0x20000360	uint16_t	
[423]	0	0x20000362	uint16_t	
[424]	0	0x20000364	uint16_t	
[425]	0	0x20000366	uint16_t	
[426]	0	0x20000368	uint16_t	
[427]	0	0x2000036A	uint16_t	
[428]	0	0x2000036C	uint16_t	
[429]	0	0x2000036E	uint16_t	
[430]	0	0x20000370	uint16_t	
[431]	0	0x20000372	uint16_t	
[432]	0	0x20000374	uint16_t	
[433]	0	0x20000376	uint16_t	
[434]	0	0x20000378	uint16_t	
[435]	0	0x2000037A	uint16_t	
[436]	0	0x2000037C	uint16_t	
[437]	0	0x2000037E	uint16_t	
[438]	0	0x20000380	uint16_t	
[439]	0	0x20000382	uint16_t	
[440]	0	0x20000384	uint16_t	
[441]	0	0x20000386	uint16_t	
[442]	0	0x20000388	uint16_t	
[443]	0	0x2000038A	uint16_t	
[444]	0	0x2000038C	uint16_t	
[445]	0	0x2000038E	uint16_t	
[446]	0	0x20000390	uint16_t	
[447]	0	0x20000392	uint16_t	
[448]	0	0x20000394	uint16_t	
[449]	0	0x20000396	uint16_t	
[450]	0	0x20000398	uint16_t	
[451]	0	0x2000039A	uint16_t	
[452]	0	0x2000039C	uint16_t	
[453]	0	0x2000039E	uint16_t	
[454]	0	0x200003A0	uint16_t	
[455]	0	0x200003A2	uint16_t	
[456]	0	0x200003A4	uint16_t	
[457]	0	0x200003A6	uint16_t	
[458]	0	0x200003A8	uint16_t	
[459]	0	0x200003AA	uint16_t	
[460]	0	0x200003AC	uint16_t	
[461]	0	0x200003AE	uint16_t	
[462]	0	0x200003B0	uint16_t	
[463]	0	0x200003B2	uint16_t	
[464]	0	0x200003B4	uint16_t	
[465]	0	0x200003B6	uint16_t	
[466]	0	0x200003B8	uint16_t	
[467]	0	0x200003BA	uint16_t	
[468]	0	0x200003BC	uint16_t	
[469]	0	0x200003BE	uint16_t	
[470]	0	0x200003C0	uint16_t	
[471]	0	0x200003C2	uint16_t	
[472]	0	0x200003C4	uint16_t	
[473]	0	0x200003C6	uint16_t	
[474]	0	0x200003C8	uint16_t	
[475]	0	0x200003CA	uint16_t	
[476]	0	0x200003CC	uint16_t	
[477]	0	0x200003CE	uint16_t	
[478]	0	0x200003D0	uint16_t	
[479]	0	0x200003D2	uint16_t	
[480]	0	0x200003D4	uint16_t	
[481]	0	0x200003D6	uint16_t	
[482]	0	0x200003D8	uint16_t	
[483]	0	0x200003DA	uint16_t	
[484]	0	0x200003DC	uint16_t	
[485]	0	0x200003DE	uint16_t	
[486]	0	0x200003E0	uint16_t	
[487]	0	0x200003E2	uint16_t	
[488]	0	0x200003E4	uint16_t	
[489]	0	0x200003E6	uint16_t	
[490]	0	0x200003E8	uint16_t	
[491]	0	0x200003EA	uint16_t	
[492]	0	0x200003EC	uint16_t	
[493]	0	0x200003EE	uint16_t	
[494]	0	0x200003F0	uint16_t	
[495]	0	0x200003F2	uint16_t	
[496]	0	0x200003F4	uint16_t	
[497]	0	0x200003F6	uint16_t	
[498]	0	0x200003F8	uint16_t	
[499]	0	0x200003FA	uint16_t	
ch2	Error (col 1): Unknown or ambiguous symbol. ch2			
ch2_index	Error (col 1): Unknown or ambiguous symbol. ch2_index			
ch1_index	112	0x20000010	uint16_t	
